0 info it worked if it ends with ok
1 verbose cli [ 'C:\\Program Files\\nodejs\\node.exe',
1 verbose cli   'C:\\Program Files\\nodejs\\node_modules\\npm\\bin\\npm-cli.js',
1 verbose cli   'install',
1 verbose cli   'oracledb' ]
2 info using npm@3.10.10
3 info using node@v6.10.2
4 silly loadCurrentTree Starting
5 silly install loadCurrentTree
6 silly install readLocalPackageData
7 silly fetchPackageMetaData oracledb
8 silly fetchNamedPackageData oracledb
9 silly mapToRegistry name oracledb
10 silly mapToRegistry using default registry
11 silly mapToRegistry registry https://registry.npmjs.org/
12 silly mapToRegistry data Result {
12 silly mapToRegistry   raw: 'oracledb',
12 silly mapToRegistry   scope: null,
12 silly mapToRegistry   escapedName: 'oracledb',
12 silly mapToRegistry   name: 'oracledb',
12 silly mapToRegistry   rawSpec: '',
12 silly mapToRegistry   spec: 'latest',
12 silly mapToRegistry   type: 'tag' }
13 silly mapToRegistry uri https://registry.npmjs.org/oracledb
14 verbose request uri https://registry.npmjs.org/oracledb
15 verbose request no auth needed
16 info attempt registry request try #1 at 5:25:26 PM
17 verbose request id bd35b85b67477043
18 verbose etag "5a1cc626-b981"
19 verbose lastModified Tue, 28 Nov 2017 2:12:54 GMT
20 http request GET https://registry.npmjs.org/oracledb
21 http 304 https://registry.npmjs.org/oracledb
22 verbose headers { date: 'Thu, 07 Dec 2017 22:25:26 GMT',
22 verbose headers   via: '1.1 varnish',
22 verbose headers   'cache-control': 'max-age=300',
22 verbose headers   etag: '"5a1cc626-b981"',
22 verbose headers   age: '2283',
22 verbose headers   connection: 'keep-alive',
22 verbose headers   'x-served-by': 'cache-dca17730-DCA',
22 verbose headers   'x-cache': 'HIT',
22 verbose headers   'x-cache-hits': '1',
22 verbose headers   'x-timer': 'S1512685526.428278,VS0,VE1',
22 verbose headers   vary: 'Accept-Encoding, Accept' }
23 silly get cb [ 304,
23 silly get   { date: 'Thu, 07 Dec 2017 22:25:26 GMT',
23 silly get     via: '1.1 varnish',
23 silly get     'cache-control': 'max-age=300',
23 silly get     etag: '"5a1cc626-b981"',
23 silly get     age: '2283',
23 silly get     connection: 'keep-alive',
23 silly get     'x-served-by': 'cache-dca17730-DCA',
23 silly get     'x-cache': 'HIT',
23 silly get     'x-cache-hits': '1',
23 silly get     'x-timer': 'S1512685526.428278,VS0,VE1',
23 silly get     vary: 'Accept-Encoding, Accept' } ]
24 verbose etag https://registry.npmjs.org/oracledb from cache
25 verbose get saving oracledb to C:\Users\aznho\AppData\Roaming\npm-cache\registry.npmjs.org\oracledb\.cache.json
26 verbose correctMkdir C:\Users\aznho\AppData\Roaming\npm-cache correctMkdir not in flight; initializing
27 silly install normalizeTree
28 silly loadCurrentTree Finishing
29 silly loadIdealTree Starting
30 silly install loadIdealTree
31 silly cloneCurrentTree Starting
32 silly install cloneCurrentTreeToIdealTree
33 silly cloneCurrentTree Finishing
34 silly loadShrinkwrap Starting
35 silly install loadShrinkwrap
36 silly loadShrinkwrap Finishing
37 silly loadAllDepsIntoIdealTree Starting
38 silly install loadAllDepsIntoIdealTree
39 silly resolveWithNewModule oracledb@1.13.1 checking installable status
40 silly cache add args [ 'oracledb', null ]
41 verbose cache add spec oracledb
42 silly cache add parsed spec Result {
42 silly cache add   raw: 'oracledb',
42 silly cache add   scope: null,
42 silly cache add   escapedName: 'oracledb',
42 silly cache add   name: 'oracledb',
42 silly cache add   rawSpec: '',
42 silly cache add   spec: 'latest',
42 silly cache add   type: 'tag' }
43 silly addNamed oracledb@latest
44 verbose addNamed "latest" is being treated as a dist-tag for oracledb
45 info addNameTag [ 'oracledb', 'latest' ]
46 silly mapToRegistry name oracledb
47 silly mapToRegistry using default registry
48 silly mapToRegistry registry https://registry.npmjs.org/
49 silly mapToRegistry data Result {
49 silly mapToRegistry   raw: 'oracledb',
49 silly mapToRegistry   scope: null,
49 silly mapToRegistry   escapedName: 'oracledb',
49 silly mapToRegistry   name: 'oracledb',
49 silly mapToRegistry   rawSpec: '',
49 silly mapToRegistry   spec: 'latest',
49 silly mapToRegistry   type: 'tag' }
50 silly mapToRegistry uri https://registry.npmjs.org/oracledb
51 verbose addNameTag registry:https://registry.npmjs.org/oracledb not in flight; fetching
52 verbose get https://registry.npmjs.org/oracledb not expired, no request
53 silly addNameTag next cb for oracledb with tag latest
54 silly addNamed oracledb@1.13.1
55 verbose addNamed "1.13.1" is a plain semver version for oracledb
56 silly cache afterAdd oracledb@1.13.1
57 verbose afterAdd C:\Users\aznho\AppData\Roaming\npm-cache\oracledb\1.13.1\package\package.json not in flight; writing
58 verbose correctMkdir C:\Users\aznho\AppData\Roaming\npm-cache correctMkdir not in flight; initializing
59 verbose afterAdd C:\Users\aznho\AppData\Roaming\npm-cache\oracledb\1.13.1\package\package.json written
60 silly fetchNamedPackageData fsevents
61 silly mapToRegistry name fsevents
62 silly mapToRegistry using default registry
63 silly mapToRegistry registry https://registry.npmjs.org/
64 silly mapToRegistry data Result {
64 silly mapToRegistry   raw: 'fsevents',
64 silly mapToRegistry   scope: null,
64 silly mapToRegistry   escapedName: 'fsevents',
64 silly mapToRegistry   name: 'fsevents',
64 silly mapToRegistry   rawSpec: '',
64 silly mapToRegistry   spec: 'latest',
64 silly mapToRegistry   type: 'tag' }
65 silly mapToRegistry uri https://registry.npmjs.org/fsevents
66 verbose request uri https://registry.npmjs.org/fsevents
67 verbose request no auth needed
68 info attempt registry request try #1 at 5:25:26 PM
69 verbose etag "5a1e8efd-e513"
70 verbose lastModified Wed, 29 Nov 2017 10:42:05 GMT
71 http request GET https://registry.npmjs.org/fsevents
72 http 304 https://registry.npmjs.org/fsevents
73 verbose headers { date: 'Thu, 07 Dec 2017 22:25:26 GMT',
73 verbose headers   via: '1.1 varnish',
73 verbose headers   'cache-control': 'max-age=300',
73 verbose headers   etag: '"5a1e8efd-e513"',
73 verbose headers   age: '57',
73 verbose headers   connection: 'keep-alive',
73 verbose headers   'x-served-by': 'cache-dca17730-DCA',
73 verbose headers   'x-cache': 'HIT',
73 verbose headers   'x-cache-hits': '2',
73 verbose headers   'x-timer': 'S1512685527.919435,VS0,VE0',
73 verbose headers   vary: 'Accept-Encoding, Accept' }
74 silly get cb [ 304,
74 silly get   { date: 'Thu, 07 Dec 2017 22:25:26 GMT',
74 silly get     via: '1.1 varnish',
74 silly get     'cache-control': 'max-age=300',
74 silly get     etag: '"5a1e8efd-e513"',
74 silly get     age: '57',
74 silly get     connection: 'keep-alive',
74 silly get     'x-served-by': 'cache-dca17730-DCA',
74 silly get     'x-cache': 'HIT',
74 silly get     'x-cache-hits': '2',
74 silly get     'x-timer': 'S1512685527.919435,VS0,VE0',
74 silly get     vary: 'Accept-Encoding, Accept' } ]
75 verbose etag https://registry.npmjs.org/fsevents from cache
76 verbose get saving fsevents to C:\Users\aznho\AppData\Roaming\npm-cache\registry.npmjs.org\fsevents\.cache.json
77 verbose correctMkdir C:\Users\aznho\AppData\Roaming\npm-cache correctMkdir not in flight; initializing
78 silly resolveWithNewModule fsevents@1.1.3 checking installable status
79 silly loadAllDepsIntoIdealTree Finishing
80 silly loadIdealTree Finishing
81 silly currentTree cmsc424-project
81 silly currentTree +-- @gulp-sourcemaps/map-sources@1.0.0
81 silly currentTree +-- abbrev@1.1.1
81 silly currentTree +-- acorn@4.0.13
81 silly currentTree +-- amdefine@1.0.1
81 silly currentTree +-- ansi-align@2.0.0
81 silly currentTree +-- ansi-regex@3.0.0
81 silly currentTree +-- ansi-styles@3.2.0
81 silly currentTree +-- anymatch@1.3.2
81 silly currentTree +-- append-field@0.1.0
81 silly currentTree +-- arr-diff@2.0.0
81 silly currentTree +-- arr-flatten@1.1.0
81 silly currentTree +-- array-unique@0.2.1
81 silly currentTree +-- async-each@1.0.1
81 silly currentTree +-- async@0.2.10
81 silly currentTree +-- atob@1.1.3
81 silly currentTree +-- balanced-match@1.0.0
81 silly currentTree +-- basic-auth@2.0.0
81 silly currentTree +-- binary-extensions@1.11.0
81 silly currentTree +-- body-parser@1.18.2
81 silly currentTree +-- boxen@1.3.0
81 silly currentTree +-- brace-expansion@1.1.8
81 silly currentTree +-- braces@1.8.5
81 silly currentTree +-- builtin-modules@1.1.1
81 silly currentTree +-- busboy@0.2.14
81 silly currentTree | +-- isarray@0.0.1
81 silly currentTree | +-- readable-stream@1.1.14
81 silly currentTree | `-- string_decoder@0.10.31
81 silly currentTree +-- bytes@3.0.0
81 silly currentTree +-- camelcase@4.1.0
81 silly currentTree +-- capture-stack-trace@1.0.0
81 silly currentTree +-- chalk@2.3.0
81 silly currentTree +-- chokidar@1.7.0
81 silly currentTree +-- cli-boxes@1.0.0
81 silly currentTree +-- cliui@3.2.0
81 silly currentTree | +-- ansi-regex@2.1.1
81 silly currentTree | +-- is-fullwidth-code-point@1.0.0
81 silly currentTree | +-- string-width@1.0.2
81 silly currentTree | `-- strip-ansi@3.0.1
81 silly currentTree +-- clone-stats@0.0.1
81 silly currentTree +-- clone@1.0.3
81 silly currentTree +-- code-point-at@1.1.0
81 silly currentTree +-- color-convert@1.9.1
81 silly currentTree +-- color-name@1.1.3
81 silly currentTree +-- concat-map@0.0.1
81 silly currentTree +-- concat-stream@1.6.0
81 silly currentTree +-- configstore@3.1.1
81 silly currentTree +-- content-type@1.0.4
81 silly currentTree +-- convert-source-map@1.5.1
81 silly currentTree +-- core-util-is@1.0.2
81 silly currentTree +-- create-error-class@3.0.2
81 silly currentTree +-- cross-spawn@5.1.0
81 silly currentTree +-- crypto-random-string@1.0.0
81 silly currentTree +-- css@2.2.1
81 silly currentTree | `-- source-map@0.1.43
81 silly currentTree +-- date-format@1.2.0
81 silly currentTree +-- debug-fabulous@0.0.4
81 silly currentTree | `-- object-assign@4.1.0
81 silly currentTree +-- debug@2.6.9
81 silly currentTree +-- decamelize@1.2.0
81 silly currentTree +-- deep-extend@0.4.2
81 silly currentTree +-- depd@1.1.1
81 silly currentTree +-- detect-newline@2.1.0
81 silly currentTree +-- dicer@0.2.5
81 silly currentTree | +-- isarray@0.0.1
81 silly currentTree | +-- readable-stream@1.1.14
81 silly currentTree | `-- string_decoder@0.10.31
81 silly currentTree +-- dot-prop@4.2.0
81 silly currentTree +-- duplexer@0.1.1
81 silly currentTree +-- duplexer3@0.1.4
81 silly currentTree +-- duplexify@3.5.1
81 silly currentTree +-- ee-first@1.1.1
81 silly currentTree +-- end-of-stream@1.4.0
81 silly currentTree +-- error-ex@1.3.1
81 silly currentTree +-- es6-promise@3.3.1
81 silly currentTree +-- escape-string-regexp@1.0.5
81 silly currentTree +-- etag@1.8.1
81 silly currentTree +-- event-stream@3.3.4
81 silly currentTree +-- execa@0.7.0
81 silly currentTree +-- expand-brackets@0.1.5
81 silly currentTree +-- expand-range@1.8.2
81 silly currentTree +-- extend-shallow@2.0.1
81 silly currentTree +-- extend@3.0.1
81 silly currentTree +-- extglob@0.3.2
81 silly currentTree +-- filename-regex@2.0.1
81 silly currentTree +-- fileupload@1.0.0
81 silly currentTree +-- fill-range@2.2.3
81 silly currentTree +-- find-up@1.1.2
81 silly currentTree +-- first-chunk-stream@1.0.0
81 silly currentTree +-- for-in@1.0.2
81 silly currentTree +-- for-own@0.1.5
81 silly currentTree +-- formidable@1.1.1
81 silly currentTree +-- fresh@0.5.2
81 silly currentTree +-- from@0.1.7
81 silly currentTree +-- get-stream@3.0.0
81 silly currentTree +-- glob-base@0.3.0
81 silly currentTree +-- glob-parent@2.0.0
81 silly currentTree +-- glob-stream@5.3.5
81 silly currentTree | +-- glob-parent@3.1.0
81 silly currentTree | +-- is-extglob@2.1.1
81 silly currentTree | +-- is-glob@3.1.0
81 silly currentTree | +-- isarray@0.0.1
81 silly currentTree | +-- readable-stream@1.0.34
81 silly currentTree | +-- string_decoder@0.10.31
81 silly currentTree | `-- through2@0.6.5
81 silly currentTree +-- glob@5.0.15
81 silly currentTree +-- global-dirs@0.1.1
81 silly currentTree +-- got@6.7.1
81 silly currentTree +-- graceful-fs@4.1.11
81 silly currentTree +-- gulp-sourcemaps@1.12.0
81 silly currentTree +-- has-ansi@2.0.0
81 silly currentTree | `-- ansi-regex@2.1.1
81 silly currentTree +-- has-flag@2.0.0
81 silly currentTree +-- hosted-git-info@2.5.0
81 silly currentTree +-- http-errors@1.6.2
81 silly currentTree +-- iconv-lite@0.4.19
81 silly currentTree +-- ignore-by-default@1.0.1
81 silly currentTree +-- import-lazy@2.1.0
81 silly currentTree +-- imurmurhash@0.1.4
81 silly currentTree +-- inflight@1.0.6
81 silly currentTree +-- inherits@2.0.3
81 silly currentTree +-- ini@1.3.5
81 silly currentTree +-- invert-kv@1.0.0
81 silly currentTree +-- is-arrayish@0.2.1
81 silly currentTree +-- is-binary-path@1.0.1
81 silly currentTree +-- is-buffer@1.1.6
81 silly currentTree +-- is-builtin-module@1.0.0
81 silly currentTree +-- is-dotfile@1.0.3
81 silly currentTree +-- is-equal-shallow@0.1.3
81 silly currentTree +-- is-extendable@0.1.1
81 silly currentTree +-- is-extglob@1.0.0
81 silly currentTree +-- is-fullwidth-code-point@2.0.0
81 silly currentTree +-- is-glob@2.0.1
81 silly currentTree +-- is-installed-globally@0.1.0
81 silly currentTree +-- is-npm@1.0.0
81 silly currentTree +-- is-number@2.1.0
81 silly currentTree +-- is-obj@1.0.1
81 silly currentTree +-- is-path-inside@1.0.1
81 silly currentTree +-- is-posix-bracket@0.1.1
81 silly currentTree +-- is-primitive@2.0.0
81 silly currentTree +-- is-redirect@1.0.0
81 silly currentTree +-- is-retry-allowed@1.1.0
81 silly currentTree +-- is-stream@1.1.0
81 silly currentTree +-- is-utf8@0.2.1
81 silly currentTree +-- is-valid-glob@0.3.0
81 silly currentTree +-- isarray@1.0.0
81 silly currentTree +-- isexe@2.0.0
81 silly currentTree +-- isobject@2.1.0
81 silly currentTree +-- json-stable-stringify@1.0.1
81 silly currentTree +-- jsonify@0.0.0
81 silly currentTree +-- kind-of@3.2.2
81 silly currentTree +-- latest-version@3.1.0
81 silly currentTree +-- lazy-debug-legacy@0.0.1
81 silly currentTree +-- lazystream@1.0.0
81 silly currentTree +-- lcid@1.0.0
81 silly currentTree +-- load-json-file@1.1.0
81 silly currentTree | `-- pify@2.3.0
81 silly currentTree +-- lodash._baseassign@3.2.0
81 silly currentTree +-- lodash._basecopy@3.0.1
81 silly currentTree +-- lodash._bindcallback@3.0.1
81 silly currentTree +-- lodash._createassigner@3.1.1
81 silly currentTree +-- lodash._getnative@3.9.1
81 silly currentTree +-- lodash._isiterateecall@3.0.9
81 silly currentTree +-- lodash._reinterpolate@3.0.0
81 silly currentTree +-- lodash.assign@3.2.0
81 silly currentTree +-- lodash.assigninwith@4.2.0
81 silly currentTree +-- lodash.defaults@3.1.2
81 silly currentTree +-- lodash.isarguments@3.1.0
81 silly currentTree +-- lodash.isarray@3.0.4
81 silly currentTree +-- lodash.isequal@4.5.0
81 silly currentTree +-- lodash.keys@3.1.2
81 silly currentTree +-- lodash.rest@4.0.5
81 silly currentTree +-- lodash.restparam@3.6.1
81 silly currentTree +-- lodash.template@4.2.4
81 silly currentTree | `-- lodash.keys@4.2.0
81 silly currentTree +-- lodash.templatesettings@4.1.0
81 silly currentTree +-- lodash.tostring@4.1.4
81 silly currentTree +-- lodash@1.0.2
81 silly currentTree +-- lowercase-keys@1.0.0
81 silly currentTree +-- lru-cache@4.1.1
81 silly currentTree +-- make-dir@1.1.0
81 silly currentTree +-- map-stream@0.1.0
81 silly currentTree +-- media-typer@0.3.0
81 silly currentTree +-- merge-stream@1.0.1
81 silly currentTree +-- micromatch@2.3.11
81 silly currentTree +-- mime-db@1.30.0
81 silly currentTree +-- mime-types@2.1.17
81 silly currentTree +-- mime@1.2.11
81 silly currentTree +-- minimatch@3.0.4
81 silly currentTree +-- minimist@1.2.0
81 silly currentTree +-- mkdirp@0.5.1
81 silly currentTree | `-- minimist@0.0.8
81 silly currentTree +-- module@1.2.5
81 silly currentTree | +-- ansi-regex@2.1.1
81 silly currentTree | +-- ansi-styles@2.2.1
81 silly currentTree | +-- chalk@1.1.3
81 silly currentTree | +-- concat-stream@1.5.1
81 silly currentTree | +-- map-stream@0.0.6
81 silly currentTree | +-- readable-stream@2.0.6
81 silly currentTree | +-- string_decoder@0.10.31
81 silly currentTree | +-- strip-ansi@3.0.1
81 silly currentTree | `-- supports-color@2.0.0
81 silly currentTree +-- morgan@1.9.0
81 silly currentTree +-- ms@2.0.0
81 silly currentTree +-- multer@1.3.0
81 silly currentTree +-- nan@2.5.1
81 silly currentTree +-- nodemon@1.12.5
81 silly currentTree +-- nopt@1.0.10
81 silly currentTree +-- normalize-package-data@2.4.0
81 silly currentTree +-- normalize-path@2.1.1
81 silly currentTree +-- npm-run-path@2.0.2
81 silly currentTree +-- number-is-nan@1.0.1
81 silly currentTree +-- object-assign@3.0.0
81 silly currentTree +-- object.omit@2.0.1
81 silly currentTree +-- on-finished@2.3.0
81 silly currentTree +-- on-headers@1.0.1
81 silly currentTree +-- once@1.4.0
81 silly currentTree +-- ordered-read-streams@0.3.0
81 silly currentTree +-- os-homedir@1.0.2
81 silly currentTree +-- os-locale@1.4.0
81 silly currentTree +-- p-finally@1.0.0
81 silly currentTree +-- package-json@4.0.1
81 silly currentTree +-- parse-glob@3.0.4
81 silly currentTree +-- parse-json@2.2.0
81 silly currentTree +-- parseurl@1.3.2
81 silly currentTree +-- path-dirname@1.0.2
81 silly currentTree +-- path-exists@2.1.0
81 silly currentTree +-- path-is-absolute@1.0.1
81 silly currentTree +-- path-is-inside@1.0.2
81 silly currentTree +-- path-key@2.0.1
81 silly currentTree +-- path-type@1.1.0
81 silly currentTree | `-- pify@2.3.0
81 silly currentTree +-- pause-stream@0.0.11
81 silly currentTree +-- pify@3.0.0
81 silly currentTree +-- pinkie-promise@2.0.1
81 silly currentTree +-- pinkie@2.0.4
81 silly currentTree +-- pkg-conf@1.1.3
81 silly currentTree | `-- object-assign@4.1.1
81 silly currentTree +-- prepend-http@1.0.4
81 silly currentTree +-- preserve@0.2.0
81 silly currentTree +-- process-nextick-args@1.0.7
81 silly currentTree +-- ps-tree@1.1.0
81 silly currentTree +-- pseudomap@1.0.2
81 silly currentTree +-- qs@6.5.1
81 silly currentTree +-- randomatic@1.1.7
81 silly currentTree | +-- is-number@3.0.0
81 silly currentTree | | `-- kind-of@3.2.2
81 silly currentTree | `-- kind-of@4.0.0
81 silly currentTree +-- raw-body@2.3.2
81 silly currentTree +-- rc@1.2.2
81 silly currentTree +-- read-pkg-up@1.0.1
81 silly currentTree +-- read-pkg@1.1.0
81 silly currentTree +-- readable-stream@2.3.3
81 silly currentTree +-- readdirp@2.1.0
81 silly currentTree +-- regex-cache@0.4.4
81 silly currentTree +-- registry-auth-token@3.3.1
81 silly currentTree +-- registry-url@3.1.0
81 silly currentTree +-- remove-trailing-separator@1.1.0
81 silly currentTree +-- repeat-element@1.1.2
81 silly currentTree +-- repeat-string@1.6.1
81 silly currentTree +-- replace-ext@0.0.1
81 silly currentTree +-- require-main-filename@1.0.1
81 silly currentTree +-- resolve-url@0.2.1
81 silly currentTree +-- safe-buffer@5.1.1
81 silly currentTree +-- semver-diff@2.1.0
81 silly currentTree +-- semver@5.4.1
81 silly currentTree +-- serve-favicon@2.4.5
81 silly currentTree +-- set-immediate-shim@1.0.1
81 silly currentTree +-- setprototypeof@1.0.3
81 silly currentTree +-- shebang-command@1.2.0
81 silly currentTree +-- shebang-regex@1.0.0
81 silly currentTree +-- signal-exit@3.0.2
81 silly currentTree +-- source-map-resolve@0.3.1
81 silly currentTree +-- source-map-url@0.3.0
81 silly currentTree +-- source-map@0.6.1
81 silly currentTree +-- spdx-correct@1.0.2
81 silly currentTree +-- spdx-expression-parse@1.0.4
81 silly currentTree +-- spdx-license-ids@1.2.2
81 silly currentTree +-- split@0.3.3
81 silly currentTree +-- statuses@1.4.0
81 silly currentTree +-- stream-combiner@0.0.4
81 silly currentTree +-- stream-shift@1.0.0
81 silly currentTree +-- streamsearch@0.1.2
81 silly currentTree +-- string_decoder@1.0.3
81 silly currentTree +-- string-width@2.1.1
81 silly currentTree +-- strip-ansi@4.0.0
81 silly currentTree +-- strip-bom-stream@1.0.0
81 silly currentTree +-- strip-bom@2.0.0
81 silly currentTree +-- strip-eof@1.0.0
81 silly currentTree +-- strip-json-comments@2.0.1
81 silly currentTree +-- supports-color@4.5.0
81 silly currentTree +-- symbol@0.2.3
81 silly currentTree +-- term-size@1.2.0
81 silly currentTree +-- through@2.3.8
81 silly currentTree +-- through2-filter@2.0.0
81 silly currentTree +-- through2@2.0.3
81 silly currentTree +-- tildify@1.2.0
81 silly currentTree +-- timed-out@4.0.1
81 silly currentTree +-- to-absolute-glob@0.1.1
81 silly currentTree +-- touch@3.1.0
81 silly currentTree +-- type-is@1.6.15
81 silly currentTree +-- typedarray@0.0.6
81 silly currentTree +-- undefsafe@0.0.3
81 silly currentTree +-- unique-stream@2.2.1
81 silly currentTree +-- unique-string@1.0.0
81 silly currentTree +-- unpipe@1.0.0
81 silly currentTree +-- unzip-response@2.0.1
81 silly currentTree +-- update-notifier@2.3.0
81 silly currentTree +-- urix@0.1.0
81 silly currentTree +-- url-parse-lax@1.0.0
81 silly currentTree +-- util-deprecate@1.0.2
81 silly currentTree +-- uuid@3.1.0
81 silly currentTree +-- vali-date@1.0.0
81 silly currentTree +-- validate-npm-package-license@3.0.1
81 silly currentTree +-- vinyl-fs@2.4.3
81 silly currentTree | `-- object-assign@4.1.1
81 silly currentTree +-- vinyl@1.2.0
81 silly currentTree +-- which@1.3.0
81 silly currentTree +-- widest-line@2.0.0
81 silly currentTree +-- window-size@0.2.0
81 silly currentTree +-- wrap-ansi@2.1.0
81 silly currentTree | +-- ansi-regex@2.1.1
81 silly currentTree | +-- is-fullwidth-code-point@1.0.0
81 silly currentTree | +-- string-width@1.0.2
81 silly currentTree | `-- strip-ansi@3.0.1
81 silly currentTree +-- wrappy@1.0.2
81 silly currentTree +-- write-file-atomic@2.3.0
81 silly currentTree +-- xdg-basedir@3.0.0
81 silly currentTree +-- xtend@4.0.1
81 silly currentTree +-- y18n@3.2.1
81 silly currentTree +-- yallist@2.1.2
81 silly currentTree +-- yargs-parser@2.4.1
81 silly currentTree | +-- camelcase@3.0.0
81 silly currentTree | `-- lodash.assign@4.2.0
81 silly currentTree `-- yargs@4.6.0
81 silly currentTree   +-- ansi-regex@2.1.1
81 silly currentTree   +-- camelcase@2.1.1
81 silly currentTree   +-- is-fullwidth-code-point@1.0.0
81 silly currentTree   +-- lodash.assign@4.2.0
81 silly currentTree   +-- string-width@1.0.2
81 silly currentTree   `-- strip-ansi@3.0.1
82 silly idealTree cmsc424-project
82 silly idealTree +-- @gulp-sourcemaps/map-sources@1.0.0
82 silly idealTree +-- abbrev@1.1.1
82 silly idealTree +-- acorn@4.0.13
82 silly idealTree +-- amdefine@1.0.1
82 silly idealTree +-- ansi-align@2.0.0
82 silly idealTree +-- ansi-regex@3.0.0
82 silly idealTree +-- ansi-styles@3.2.0
82 silly idealTree +-- anymatch@1.3.2
82 silly idealTree +-- append-field@0.1.0
82 silly idealTree +-- arr-diff@2.0.0
82 silly idealTree +-- arr-flatten@1.1.0
82 silly idealTree +-- array-unique@0.2.1
82 silly idealTree +-- async-each@1.0.1
82 silly idealTree +-- async@0.2.10
82 silly idealTree +-- atob@1.1.3
82 silly idealTree +-- balanced-match@1.0.0
82 silly idealTree +-- basic-auth@2.0.0
82 silly idealTree +-- binary-extensions@1.11.0
82 silly idealTree +-- body-parser@1.18.2
82 silly idealTree +-- boxen@1.3.0
82 silly idealTree +-- brace-expansion@1.1.8
82 silly idealTree +-- braces@1.8.5
82 silly idealTree +-- builtin-modules@1.1.1
82 silly idealTree +-- busboy@0.2.14
82 silly idealTree | +-- isarray@0.0.1
82 silly idealTree | +-- readable-stream@1.1.14
82 silly idealTree | `-- string_decoder@0.10.31
82 silly idealTree +-- bytes@3.0.0
82 silly idealTree +-- camelcase@4.1.0
82 silly idealTree +-- capture-stack-trace@1.0.0
82 silly idealTree +-- chalk@2.3.0
82 silly idealTree +-- chokidar@1.7.0
82 silly idealTree +-- cli-boxes@1.0.0
82 silly idealTree +-- cliui@3.2.0
82 silly idealTree | +-- ansi-regex@2.1.1
82 silly idealTree | +-- is-fullwidth-code-point@1.0.0
82 silly idealTree | +-- string-width@1.0.2
82 silly idealTree | `-- strip-ansi@3.0.1
82 silly idealTree +-- clone-stats@0.0.1
82 silly idealTree +-- clone@1.0.3
82 silly idealTree +-- code-point-at@1.1.0
82 silly idealTree +-- color-convert@1.9.1
82 silly idealTree +-- color-name@1.1.3
82 silly idealTree +-- concat-map@0.0.1
82 silly idealTree +-- concat-stream@1.6.0
82 silly idealTree +-- configstore@3.1.1
82 silly idealTree +-- content-type@1.0.4
82 silly idealTree +-- convert-source-map@1.5.1
82 silly idealTree +-- core-util-is@1.0.2
82 silly idealTree +-- create-error-class@3.0.2
82 silly idealTree +-- cross-spawn@5.1.0
82 silly idealTree +-- crypto-random-string@1.0.0
82 silly idealTree +-- css@2.2.1
82 silly idealTree | `-- source-map@0.1.43
82 silly idealTree +-- date-format@1.2.0
82 silly idealTree +-- debug-fabulous@0.0.4
82 silly idealTree | `-- object-assign@4.1.0
82 silly idealTree +-- debug@2.6.9
82 silly idealTree +-- decamelize@1.2.0
82 silly idealTree +-- deep-extend@0.4.2
82 silly idealTree +-- depd@1.1.1
82 silly idealTree +-- detect-newline@2.1.0
82 silly idealTree +-- dicer@0.2.5
82 silly idealTree | +-- isarray@0.0.1
82 silly idealTree | +-- readable-stream@1.1.14
82 silly idealTree | `-- string_decoder@0.10.31
82 silly idealTree +-- dot-prop@4.2.0
82 silly idealTree +-- duplexer@0.1.1
82 silly idealTree +-- duplexer3@0.1.4
82 silly idealTree +-- duplexify@3.5.1
82 silly idealTree +-- ee-first@1.1.1
82 silly idealTree +-- end-of-stream@1.4.0
82 silly idealTree +-- error-ex@1.3.1
82 silly idealTree +-- es6-promise@3.3.1
82 silly idealTree +-- escape-string-regexp@1.0.5
82 silly idealTree +-- etag@1.8.1
82 silly idealTree +-- event-stream@3.3.4
82 silly idealTree +-- execa@0.7.0
82 silly idealTree +-- expand-brackets@0.1.5
82 silly idealTree +-- expand-range@1.8.2
82 silly idealTree +-- extend-shallow@2.0.1
82 silly idealTree +-- extend@3.0.1
82 silly idealTree +-- extglob@0.3.2
82 silly idealTree +-- filename-regex@2.0.1
82 silly idealTree +-- fileupload@1.0.0
82 silly idealTree +-- fill-range@2.2.3
82 silly idealTree +-- find-up@1.1.2
82 silly idealTree +-- first-chunk-stream@1.0.0
82 silly idealTree +-- for-in@1.0.2
82 silly idealTree +-- for-own@0.1.5
82 silly idealTree +-- formidable@1.1.1
82 silly idealTree +-- fresh@0.5.2
82 silly idealTree +-- from@0.1.7
82 silly idealTree +-- get-stream@3.0.0
82 silly idealTree +-- glob-base@0.3.0
82 silly idealTree +-- glob-parent@2.0.0
82 silly idealTree +-- glob-stream@5.3.5
82 silly idealTree | +-- glob-parent@3.1.0
82 silly idealTree | +-- is-extglob@2.1.1
82 silly idealTree | +-- is-glob@3.1.0
82 silly idealTree | +-- isarray@0.0.1
82 silly idealTree | +-- readable-stream@1.0.34
82 silly idealTree | +-- string_decoder@0.10.31
82 silly idealTree | `-- through2@0.6.5
82 silly idealTree +-- glob@5.0.15
82 silly idealTree +-- global-dirs@0.1.1
82 silly idealTree +-- got@6.7.1
82 silly idealTree +-- graceful-fs@4.1.11
82 silly idealTree +-- gulp-sourcemaps@1.12.0
82 silly idealTree +-- has-ansi@2.0.0
82 silly idealTree | `-- ansi-regex@2.1.1
82 silly idealTree +-- has-flag@2.0.0
82 silly idealTree +-- hosted-git-info@2.5.0
82 silly idealTree +-- http-errors@1.6.2
82 silly idealTree +-- iconv-lite@0.4.19
82 silly idealTree +-- ignore-by-default@1.0.1
82 silly idealTree +-- import-lazy@2.1.0
82 silly idealTree +-- imurmurhash@0.1.4
82 silly idealTree +-- inflight@1.0.6
82 silly idealTree +-- inherits@2.0.3
82 silly idealTree +-- ini@1.3.5
82 silly idealTree +-- invert-kv@1.0.0
82 silly idealTree +-- is-arrayish@0.2.1
82 silly idealTree +-- is-binary-path@1.0.1
82 silly idealTree +-- is-buffer@1.1.6
82 silly idealTree +-- is-builtin-module@1.0.0
82 silly idealTree +-- is-dotfile@1.0.3
82 silly idealTree +-- is-equal-shallow@0.1.3
82 silly idealTree +-- is-extendable@0.1.1
82 silly idealTree +-- is-extglob@1.0.0
82 silly idealTree +-- is-fullwidth-code-point@2.0.0
82 silly idealTree +-- is-glob@2.0.1
82 silly idealTree +-- is-installed-globally@0.1.0
82 silly idealTree +-- is-npm@1.0.0
82 silly idealTree +-- is-number@2.1.0
82 silly idealTree +-- is-obj@1.0.1
82 silly idealTree +-- is-path-inside@1.0.1
82 silly idealTree +-- is-posix-bracket@0.1.1
82 silly idealTree +-- is-primitive@2.0.0
82 silly idealTree +-- is-redirect@1.0.0
82 silly idealTree +-- is-retry-allowed@1.1.0
82 silly idealTree +-- is-stream@1.1.0
82 silly idealTree +-- is-utf8@0.2.1
82 silly idealTree +-- is-valid-glob@0.3.0
82 silly idealTree +-- isarray@1.0.0
82 silly idealTree +-- isexe@2.0.0
82 silly idealTree +-- isobject@2.1.0
82 silly idealTree +-- json-stable-stringify@1.0.1
82 silly idealTree +-- jsonify@0.0.0
82 silly idealTree +-- kind-of@3.2.2
82 silly idealTree +-- latest-version@3.1.0
82 silly idealTree +-- lazy-debug-legacy@0.0.1
82 silly idealTree +-- lazystream@1.0.0
82 silly idealTree +-- lcid@1.0.0
82 silly idealTree +-- load-json-file@1.1.0
82 silly idealTree | `-- pify@2.3.0
82 silly idealTree +-- lodash._baseassign@3.2.0
82 silly idealTree +-- lodash._basecopy@3.0.1
82 silly idealTree +-- lodash._bindcallback@3.0.1
82 silly idealTree +-- lodash._createassigner@3.1.1
82 silly idealTree +-- lodash._getnative@3.9.1
82 silly idealTree +-- lodash._isiterateecall@3.0.9
82 silly idealTree +-- lodash._reinterpolate@3.0.0
82 silly idealTree +-- lodash.assign@3.2.0
82 silly idealTree +-- lodash.assigninwith@4.2.0
82 silly idealTree +-- lodash.defaults@3.1.2
82 silly idealTree +-- lodash.isarguments@3.1.0
82 silly idealTree +-- lodash.isarray@3.0.4
82 silly idealTree +-- lodash.isequal@4.5.0
82 silly idealTree +-- lodash.keys@3.1.2
82 silly idealTree +-- lodash.rest@4.0.5
82 silly idealTree +-- lodash.restparam@3.6.1
82 silly idealTree +-- lodash.template@4.2.4
82 silly idealTree | `-- lodash.keys@4.2.0
82 silly idealTree +-- lodash.templatesettings@4.1.0
82 silly idealTree +-- lodash.tostring@4.1.4
82 silly idealTree +-- lodash@1.0.2
82 silly idealTree +-- lowercase-keys@1.0.0
82 silly idealTree +-- lru-cache@4.1.1
82 silly idealTree +-- make-dir@1.1.0
82 silly idealTree +-- map-stream@0.1.0
82 silly idealTree +-- media-typer@0.3.0
82 silly idealTree +-- merge-stream@1.0.1
82 silly idealTree +-- micromatch@2.3.11
82 silly idealTree +-- mime-db@1.30.0
82 silly idealTree +-- mime-types@2.1.17
82 silly idealTree +-- mime@1.2.11
82 silly idealTree +-- minimatch@3.0.4
82 silly idealTree +-- minimist@1.2.0
82 silly idealTree +-- mkdirp@0.5.1
82 silly idealTree | `-- minimist@0.0.8
82 silly idealTree +-- module@1.2.5
82 silly idealTree | +-- ansi-regex@2.1.1
82 silly idealTree | +-- ansi-styles@2.2.1
82 silly idealTree | +-- chalk@1.1.3
82 silly idealTree | +-- concat-stream@1.5.1
82 silly idealTree | +-- map-stream@0.0.6
82 silly idealTree | +-- readable-stream@2.0.6
82 silly idealTree | +-- string_decoder@0.10.31
82 silly idealTree | +-- strip-ansi@3.0.1
82 silly idealTree | `-- supports-color@2.0.0
82 silly idealTree +-- morgan@1.9.0
82 silly idealTree +-- ms@2.0.0
82 silly idealTree +-- multer@1.3.0
82 silly idealTree +-- nan@2.5.1
82 silly idealTree +-- nodemon@1.12.5
82 silly idealTree +-- nopt@1.0.10
82 silly idealTree +-- normalize-package-data@2.4.0
82 silly idealTree +-- normalize-path@2.1.1
82 silly idealTree +-- npm-run-path@2.0.2
82 silly idealTree +-- number-is-nan@1.0.1
82 silly idealTree +-- object-assign@3.0.0
82 silly idealTree +-- object.omit@2.0.1
82 silly idealTree +-- on-finished@2.3.0
82 silly idealTree +-- on-headers@1.0.1
82 silly idealTree +-- once@1.4.0
82 silly idealTree +-- oracledb@1.13.1
82 silly idealTree +-- ordered-read-streams@0.3.0
82 silly idealTree +-- os-homedir@1.0.2
82 silly idealTree +-- os-locale@1.4.0
82 silly idealTree +-- p-finally@1.0.0
82 silly idealTree +-- package-json@4.0.1
82 silly idealTree +-- parse-glob@3.0.4
82 silly idealTree +-- parse-json@2.2.0
82 silly idealTree +-- parseurl@1.3.2
82 silly idealTree +-- path-dirname@1.0.2
82 silly idealTree +-- path-exists@2.1.0
82 silly idealTree +-- path-is-absolute@1.0.1
82 silly idealTree +-- path-is-inside@1.0.2
82 silly idealTree +-- path-key@2.0.1
82 silly idealTree +-- path-type@1.1.0
82 silly idealTree | `-- pify@2.3.0
82 silly idealTree +-- pause-stream@0.0.11
82 silly idealTree +-- pify@3.0.0
82 silly idealTree +-- pinkie-promise@2.0.1
82 silly idealTree +-- pinkie@2.0.4
82 silly idealTree +-- pkg-conf@1.1.3
82 silly idealTree | `-- object-assign@4.1.1
82 silly idealTree +-- prepend-http@1.0.4
82 silly idealTree +-- preserve@0.2.0
82 silly idealTree +-- process-nextick-args@1.0.7
82 silly idealTree +-- ps-tree@1.1.0
82 silly idealTree +-- pseudomap@1.0.2
82 silly idealTree +-- qs@6.5.1
82 silly idealTree +-- randomatic@1.1.7
82 silly idealTree | +-- is-number@3.0.0
82 silly idealTree | | `-- kind-of@3.2.2
82 silly idealTree | `-- kind-of@4.0.0
82 silly idealTree +-- raw-body@2.3.2
82 silly idealTree +-- rc@1.2.2
82 silly idealTree +-- read-pkg-up@1.0.1
82 silly idealTree +-- read-pkg@1.1.0
82 silly idealTree +-- readable-stream@2.3.3
82 silly idealTree +-- readdirp@2.1.0
82 silly idealTree +-- regex-cache@0.4.4
82 silly idealTree +-- registry-auth-token@3.3.1
82 silly idealTree +-- registry-url@3.1.0
82 silly idealTree +-- remove-trailing-separator@1.1.0
82 silly idealTree +-- repeat-element@1.1.2
82 silly idealTree +-- repeat-string@1.6.1
82 silly idealTree +-- replace-ext@0.0.1
82 silly idealTree +-- require-main-filename@1.0.1
82 silly idealTree +-- resolve-url@0.2.1
82 silly idealTree +-- safe-buffer@5.1.1
82 silly idealTree +-- semver-diff@2.1.0
82 silly idealTree +-- semver@5.4.1
82 silly idealTree +-- serve-favicon@2.4.5
82 silly idealTree +-- set-immediate-shim@1.0.1
82 silly idealTree +-- setprototypeof@1.0.3
82 silly idealTree +-- shebang-command@1.2.0
82 silly idealTree +-- shebang-regex@1.0.0
82 silly idealTree +-- signal-exit@3.0.2
82 silly idealTree +-- source-map-resolve@0.3.1
82 silly idealTree +-- source-map-url@0.3.0
82 silly idealTree +-- source-map@0.6.1
82 silly idealTree +-- spdx-correct@1.0.2
82 silly idealTree +-- spdx-expression-parse@1.0.4
82 silly idealTree +-- spdx-license-ids@1.2.2
82 silly idealTree +-- split@0.3.3
82 silly idealTree +-- statuses@1.4.0
82 silly idealTree +-- stream-combiner@0.0.4
82 silly idealTree +-- stream-shift@1.0.0
82 silly idealTree +-- streamsearch@0.1.2
82 silly idealTree +-- string_decoder@1.0.3
82 silly idealTree +-- string-width@2.1.1
82 silly idealTree +-- strip-ansi@4.0.0
82 silly idealTree +-- strip-bom-stream@1.0.0
82 silly idealTree +-- strip-bom@2.0.0
82 silly idealTree +-- strip-eof@1.0.0
82 silly idealTree +-- strip-json-comments@2.0.1
82 silly idealTree +-- supports-color@4.5.0
82 silly idealTree +-- symbol@0.2.3
82 silly idealTree +-- term-size@1.2.0
82 silly idealTree +-- through@2.3.8
82 silly idealTree +-- through2-filter@2.0.0
82 silly idealTree +-- through2@2.0.3
82 silly idealTree +-- tildify@1.2.0
82 silly idealTree +-- timed-out@4.0.1
82 silly idealTree +-- to-absolute-glob@0.1.1
82 silly idealTree +-- touch@3.1.0
82 silly idealTree +-- type-is@1.6.15
82 silly idealTree +-- typedarray@0.0.6
82 silly idealTree +-- undefsafe@0.0.3
82 silly idealTree +-- unique-stream@2.2.1
82 silly idealTree +-- unique-string@1.0.0
82 silly idealTree +-- unpipe@1.0.0
82 silly idealTree +-- unzip-response@2.0.1
82 silly idealTree +-- update-notifier@2.3.0
82 silly idealTree +-- urix@0.1.0
82 silly idealTree +-- url-parse-lax@1.0.0
82 silly idealTree +-- util-deprecate@1.0.2
82 silly idealTree +-- uuid@3.1.0
82 silly idealTree +-- vali-date@1.0.0
82 silly idealTree +-- validate-npm-package-license@3.0.1
82 silly idealTree +-- vinyl-fs@2.4.3
82 silly idealTree | `-- object-assign@4.1.1
82 silly idealTree +-- vinyl@1.2.0
82 silly idealTree +-- which@1.3.0
82 silly idealTree +-- widest-line@2.0.0
82 silly idealTree +-- window-size@0.2.0
82 silly idealTree +-- wrap-ansi@2.1.0
82 silly idealTree | +-- ansi-regex@2.1.1
82 silly idealTree | +-- is-fullwidth-code-point@1.0.0
82 silly idealTree | +-- string-width@1.0.2
82 silly idealTree | `-- strip-ansi@3.0.1
82 silly idealTree +-- wrappy@1.0.2
82 silly idealTree +-- write-file-atomic@2.3.0
82 silly idealTree +-- xdg-basedir@3.0.0
82 silly idealTree +-- xtend@4.0.1
82 silly idealTree +-- y18n@3.2.1
82 silly idealTree +-- yallist@2.1.2
82 silly idealTree +-- yargs-parser@2.4.1
82 silly idealTree | +-- camelcase@3.0.0
82 silly idealTree | `-- lodash.assign@4.2.0
82 silly idealTree `-- yargs@4.6.0
82 silly idealTree   +-- ansi-regex@2.1.1
82 silly idealTree   +-- camelcase@2.1.1
82 silly idealTree   +-- is-fullwidth-code-point@1.0.0
82 silly idealTree   +-- lodash.assign@4.2.0
82 silly idealTree   +-- string-width@1.0.2
82 silly idealTree   `-- strip-ansi@3.0.1
83 silly generateActionsToTake Starting
84 silly install generateActionsToTake
85 silly generateActionsToTake Finishing
86 silly diffTrees action count 1
87 silly diffTrees add oracledb@1.13.1
88 silly decomposeActions action count 8
89 silly decomposeActions fetch oracledb@1.13.1
90 silly decomposeActions extract oracledb@1.13.1
91 silly decomposeActions test oracledb@1.13.1
92 silly decomposeActions preinstall oracledb@1.13.1
93 silly decomposeActions build oracledb@1.13.1
94 silly decomposeActions install oracledb@1.13.1
95 silly decomposeActions postinstall oracledb@1.13.1
96 silly decomposeActions finalize oracledb@1.13.1
97 silly runTopLevelLifecycles Starting
98 silly executeActions Starting
99 silly install executeActions
100 silly doSerial global-install 0
101 silly doParallel fetch 1
102 verbose correctMkdir C:\Users\aznho\AppData\Roaming\npm-cache\_locks correctMkdir not in flight; initializing
103 verbose lock using C:\Users\aznho\AppData\Roaming\npm-cache\_locks\staging-226eca69ada0e8b3.lock for C:\Users\aznho\OneDrive\Documents\Fall 2017\CMSC424-Project\cmsc424-project\node_modules\.staging
104 silly doParallel extract 1
105 silly extract oracledb@1.13.1
106 verbose unbuild node_modules\.staging\oracledb-36d75441
107 silly gentlyRm C:\Users\aznho\OneDrive\Documents\Fall 2017\CMSC424-Project\cmsc424-project\node_modules\.staging\oracledb-36d75441 is being purged from base C:\Users\aznho\OneDrive\Documents\Fall 2017\CMSC424-Project\cmsc424-project
108 verbose gentlyRm don't care about contents; nuking C:\Users\aznho\OneDrive\Documents\Fall 2017\CMSC424-Project\cmsc424-project\node_modules\.staging\oracledb-36d75441
109 verbose tar unpack C:\Users\aznho\AppData\Roaming\npm-cache\oracledb\1.13.1\package.tgz
110 verbose tar unpacking to C:\Users\aznho\OneDrive\Documents\Fall 2017\CMSC424-Project\cmsc424-project\node_modules\.staging\oracledb-36d75441
111 silly gentlyRm C:\Users\aznho\OneDrive\Documents\Fall 2017\CMSC424-Project\cmsc424-project\node_modules\.staging\oracledb-36d75441 is being purged
112 verbose gentlyRm don't care about contents; nuking C:\Users\aznho\OneDrive\Documents\Fall 2017\CMSC424-Project\cmsc424-project\node_modules\.staging\oracledb-36d75441
113 silly gunzTarPerm modes [ '777', '666' ]
114 silly gunzTarPerm extractEntry package.json
115 silly gunzTarPerm modified mode [ 'package.json', 420, 438 ]
116 silly gunzTarPerm extractEntry README.md
117 silly gunzTarPerm modified mode [ 'README.md', 420, 438 ]
118 silly gunzTarPerm extractEntry index.js
119 silly gunzTarPerm modified mode [ 'index.js', 420, 438 ]
120 silly gunzTarPerm extractEntry CHANGELOG.md
121 silly gunzTarPerm modified mode [ 'CHANGELOG.md', 420, 438 ]
122 silly gunzTarPerm extractEntry LICENSE.md
123 silly gunzTarPerm modified mode [ 'LICENSE.md', 420, 438 ]
124 silly gunzTarPerm extractEntry binding.gyp
125 silly gunzTarPerm modified mode [ 'binding.gyp', 420, 438 ]
126 silly gunzTarPerm extractEntry lib/connection.js
127 silly gunzTarPerm modified mode [ 'lib/connection.js', 420, 438 ]
128 silly gunzTarPerm extractEntry lib/lob.js
129 silly gunzTarPerm modified mode [ 'lib/lob.js', 420, 438 ]
130 silly gunzTarPerm extractEntry lib/oracledb.js
131 silly gunzTarPerm modified mode [ 'lib/oracledb.js', 420, 438 ]
132 silly gunzTarPerm extractEntry lib/pool.js
133 silly gunzTarPerm modified mode [ 'lib/pool.js', 420, 438 ]
134 silly gunzTarPerm extractEntry lib/querystream.js
135 silly gunzTarPerm modified mode [ 'lib/querystream.js', 420, 438 ]
136 silly gunzTarPerm extractEntry lib/resultset.js
137 silly gunzTarPerm modified mode [ 'lib/resultset.js', 420, 438 ]
138 silly gunzTarPerm extractEntry lib/util.js
139 silly gunzTarPerm modified mode [ 'lib/util.js', 420, 438 ]
140 silly gunzTarPerm extractEntry src/dpi/include/dpi.h
141 silly gunzTarPerm modified mode [ 'src/dpi/include/dpi.h', 420, 438 ]
142 silly gunzTarPerm extractEntry src/dpi/include/dpiCommon.h
143 silly gunzTarPerm modified mode [ 'src/dpi/include/dpiCommon.h', 420, 438 ]
144 silly gunzTarPerm extractEntry src/dpi/include/dpiConn.h
145 silly gunzTarPerm modified mode [ 'src/dpi/include/dpiConn.h', 420, 438 ]
146 silly gunzTarPerm extractEntry src/dpi/include/dpiDateTimeArray.h
147 silly gunzTarPerm modified mode [ 'src/dpi/include/dpiDateTimeArray.h', 420, 438 ]
148 silly gunzTarPerm extractEntry src/dpi/include/dpiEnv.h
149 silly gunzTarPerm modified mode [ 'src/dpi/include/dpiEnv.h', 420, 438 ]
150 silly gunzTarPerm extractEntry src/dpi/include/dpiException.h
151 silly gunzTarPerm modified mode [ 'src/dpi/include/dpiException.h', 420, 438 ]
152 silly gunzTarPerm extractEntry src/dpi/include/dpiLob.h
153 silly gunzTarPerm modified mode [ 'src/dpi/include/dpiLob.h', 420, 438 ]
154 silly gunzTarPerm extractEntry src/dpi/include/dpiPool.h
155 silly gunzTarPerm modified mode [ 'src/dpi/include/dpiPool.h', 420, 438 ]
156 silly gunzTarPerm extractEntry src/dpi/include/dpiStmt.h
157 silly gunzTarPerm modified mode [ 'src/dpi/include/dpiStmt.h', 420, 438 ]
158 silly gunzTarPerm extractEntry src/dpi/src/dpiExceptionImpl.cpp
159 silly gunzTarPerm modified mode [ 'src/dpi/src/dpiExceptionImpl.cpp', 420, 438 ]
160 silly gunzTarPerm extractEntry src/dpi/src/dpiCommon.cpp
161 silly gunzTarPerm modified mode [ 'src/dpi/src/dpiCommon.cpp', 420, 438 ]
162 silly gunzTarPerm extractEntry src/dpi/src/dpiConnImpl.h
163 silly gunzTarPerm modified mode [ 'src/dpi/src/dpiConnImpl.h', 420, 438 ]
164 silly gunzTarPerm extractEntry src/dpi/src/dpiDateTimeArrayImpl.cpp
165 silly gunzTarPerm modified mode [ 'src/dpi/src/dpiDateTimeArrayImpl.cpp', 420, 438 ]
166 silly gunzTarPerm extractEntry src/dpi/src/dpiDateTimeArrayImpl.h
167 silly gunzTarPerm modified mode [ 'src/dpi/src/dpiDateTimeArrayImpl.h', 420, 438 ]
168 silly gunzTarPerm extractEntry src/dpi/src/dpiEnv.cpp
169 silly gunzTarPerm modified mode [ 'src/dpi/src/dpiEnv.cpp', 420, 438 ]
170 silly gunzTarPerm extractEntry src/dpi/src/dpiEnvImpl.cpp
171 silly gunzTarPerm modified mode [ 'src/dpi/src/dpiEnvImpl.cpp', 420, 438 ]
172 silly gunzTarPerm extractEntry src/dpi/src/dpiEnvImpl.h
173 silly gunzTarPerm modified mode [ 'src/dpi/src/dpiEnvImpl.h', 420, 438 ]
174 silly gunzTarPerm extractEntry src/dpi/src/dpiException.cpp
175 silly gunzTarPerm modified mode [ 'src/dpi/src/dpiException.cpp', 420, 438 ]
176 silly gunzTarPerm extractEntry src/dpi/src/dpiConnImpl.cpp
177 silly gunzTarPerm modified mode [ 'src/dpi/src/dpiConnImpl.cpp', 420, 438 ]
178 silly gunzTarPerm extractEntry src/dpi/src/dpiExceptionImpl.h
179 silly gunzTarPerm modified mode [ 'src/dpi/src/dpiExceptionImpl.h', 420, 438 ]
180 silly gunzTarPerm extractEntry src/dpi/src/dpiLob.cpp
181 silly gunzTarPerm modified mode [ 'src/dpi/src/dpiLob.cpp', 420, 438 ]
182 silly gunzTarPerm extractEntry src/dpi/src/dpiPoolImpl.cpp
183 silly gunzTarPerm modified mode [ 'src/dpi/src/dpiPoolImpl.cpp', 420, 438 ]
184 silly gunzTarPerm extractEntry src/dpi/src/dpiPoolImpl.h
185 silly gunzTarPerm modified mode [ 'src/dpi/src/dpiPoolImpl.h', 420, 438 ]
186 silly gunzTarPerm extractEntry src/dpi/src/dpiStmtImpl.cpp
187 silly gunzTarPerm modified mode [ 'src/dpi/src/dpiStmtImpl.cpp', 420, 438 ]
188 silly gunzTarPerm extractEntry src/dpi/src/dpiStmtImpl.h
189 silly gunzTarPerm modified mode [ 'src/dpi/src/dpiStmtImpl.h', 420, 438 ]
190 silly gunzTarPerm extractEntry src/dpi/src/dpiUtils.cpp
191 silly gunzTarPerm modified mode [ 'src/dpi/src/dpiUtils.cpp', 420, 438 ]
192 silly gunzTarPerm extractEntry src/dpi/src/dpiUtils.h
193 silly gunzTarPerm modified mode [ 'src/dpi/src/dpiUtils.h', 420, 438 ]
194 silly gunzTarPerm extractEntry src/njs/src/njsOracle.cpp
195 silly gunzTarPerm modified mode [ 'src/njs/src/njsOracle.cpp', 420, 438 ]
196 silly gunzTarPerm extractEntry src/njs/src/njsConnection.cpp
197 silly gunzTarPerm modified mode [ 'src/njs/src/njsConnection.cpp', 420, 438 ]
198 silly gunzTarPerm extractEntry src/njs/src/njsIntLob.cpp
199 silly gunzTarPerm modified mode [ 'src/njs/src/njsIntLob.cpp', 420, 438 ]
200 silly gunzTarPerm extractEntry src/njs/src/njsIntLob.h
201 silly gunzTarPerm modified mode [ 'src/njs/src/njsIntLob.h', 420, 438 ]
202 silly gunzTarPerm extractEntry src/njs/src/njsMessages.cpp
203 silly gunzTarPerm modified mode [ 'src/njs/src/njsMessages.cpp', 420, 438 ]
204 silly gunzTarPerm extractEntry src/njs/src/njsMessages.h
205 silly gunzTarPerm modified mode [ 'src/njs/src/njsMessages.h', 420, 438 ]
206 silly gunzTarPerm extractEntry src/njs/src/njsConnection.h
207 silly gunzTarPerm modified mode [ 'src/njs/src/njsConnection.h', 420, 438 ]
208 silly gunzTarPerm extractEntry src/njs/src/njsOracle.h
209 silly gunzTarPerm modified mode [ 'src/njs/src/njsOracle.h', 420, 438 ]
210 silly gunzTarPerm extractEntry src/njs/src/njsPool.cpp
211 silly gunzTarPerm modified mode [ 'src/njs/src/njsPool.cpp', 420, 438 ]
212 silly gunzTarPerm extractEntry src/njs/src/njsPool.h
213 silly gunzTarPerm modified mode [ 'src/njs/src/njsPool.h', 420, 438 ]
214 silly gunzTarPerm extractEntry src/njs/src/njsResultSet.cpp
215 silly gunzTarPerm modified mode [ 'src/njs/src/njsResultSet.cpp', 420, 438 ]
216 silly gunzTarPerm extractEntry src/njs/src/njsResultSet.h
217 silly gunzTarPerm modified mode [ 'src/njs/src/njsResultSet.h', 420, 438 ]
218 silly gunzTarPerm extractEntry src/njs/src/njsUtils.h
219 silly gunzTarPerm modified mode [ 'src/njs/src/njsUtils.h', 420, 438 ]
220 silly gentlyRm C:\Users\aznho\OneDrive\Documents\Fall 2017\CMSC424-Project\cmsc424-project\node_modules\.staging\oracledb-36d75441\node_modules is being purged
221 verbose gentlyRm don't care about contents; nuking C:\Users\aznho\OneDrive\Documents\Fall 2017\CMSC424-Project\cmsc424-project\node_modules\.staging\oracledb-36d75441\node_modules
222 silly doParallel preinstall 1
223 silly preinstall oracledb@1.13.1 C:\Users\aznho\OneDrive\Documents\Fall 2017\CMSC424-Project\cmsc424-project\node_modules\.staging\oracledb-36d75441
224 info lifecycle oracledb@1.13.1~preinstall: oracledb@1.13.1
225 silly lifecycle oracledb@1.13.1~preinstall: no script for preinstall, continuing
226 silly doReverseSerial remove 0
227 silly doSerial move 0
228 silly doSerial finalize 1
229 silly finalize C:\Users\aznho\OneDrive\Documents\Fall 2017\CMSC424-Project\cmsc424-project\node_modules\oracledb
230 silly doSerial build 1
231 silly build oracledb@1.13.1
232 info linkStuff oracledb@1.13.1
233 silly linkStuff oracledb@1.13.1 has C:\Users\aznho\OneDrive\Documents\Fall 2017\CMSC424-Project\cmsc424-project\node_modules as its parent node_modules
234 verbose linkBins oracledb@1.13.1
235 verbose linkMans oracledb@1.13.1
236 silly doSerial global-link 0
237 silly doParallel update-linked 0
238 silly doSerial install 1
239 silly install oracledb@1.13.1 C:\Users\aznho\OneDrive\Documents\Fall 2017\CMSC424-Project\cmsc424-project\node_modules\.staging\oracledb-36d75441
240 info lifecycle oracledb@1.13.1~install: oracledb@1.13.1
241 verbose lifecycle oracledb@1.13.1~install: unsafe-perm in lifecycle true
242 verbose lifecycle oracledb@1.13.1~install: PATH: C:\Program Files\nodejs\node_modules\npm\bin\node-gyp-bin;C:\Users\aznho\OneDrive\Documents\Fall 2017\CMSC424-Project\cmsc424-project\node_modules\oracledb\node_modules\.bin;C:\Users\aznho\OneDrive\Documents\Fall 2017\CMSC424-Project\cmsc424-project\node_modules\.bin;C:\Python27;C:\oraclexe\app\oracle\product\11.2.0\server\bin;C:\Program Files (x86)\ActiveState Komodo IDE 10\;C:\Program Files (x86)\Common Files\Intel\Shared Libraries\redist\ia32\mpirt;C:\Program Files (x86)\Common Files\Intel\Shared Libraries\redist\ia32\compiler;C:\ProgramData\Oracle\Java\javapath;C:\Windows\system32;C:\Windows;C:\Windows\System32\Wbem;C:\Windows\System32\WindowsPowerShell\v1.0\;C:\Program Files (x86)\NVIDIA Corporation\PhysX\Common;C:\Program Files (x86)\Skype\Phone\;C:\WINDOWS\system32;C:\WINDOWS;C:\WINDOWS\System32\Wbem;C:\WINDOWS\System32\WindowsPowerShell\v1.0\;C:\Program Files\MATLAB\R2016b\bin;C:\Android;C:\Program Files\nodejs\;C:\Program Files\Microsoft SQL Server\Client SDK\ODBC\130\Tools\Binn\;C:\Program Files (x86)\Microsoft SQL Server\130\Tools\Binn\;C:\Program Files\Microsoft SQL Server\130\Tools\Binn\;C:\Program Files\Microsoft SQL Server\130\DTS\Binn\;C:\Program Files (x86)\Microsoft SQL Server\Client SDK\ODBC\130\Tools\Binn\;C:\Program Files (x86)\Microsoft SQL Server\140\Tools\Binn\;C:\Program Files (x86)\Microsoft SQL Server\140\DTS\Binn\;C:\Program Files (x86)\Microsoft SQL Server\140\Tools\Binn\ManagementStudio\;C:\Program Files\Git\cmd;C:\Program Files\Java\jdk1.8.0_102\bin;C:\Users\aznho\AppData\Local\Microsoft\WindowsApps;C:\Users\aznho\AppData\Roaming\npm;C:\Program Files (x86)\usr\local\wbin;
243 verbose lifecycle oracledb@1.13.1~install: CWD: C:\Users\aznho\OneDrive\Documents\Fall 2017\CMSC424-Project\cmsc424-project\node_modules\oracledb
244 silly lifecycle oracledb@1.13.1~install: Args: [ '/d /s /c', 'node-gyp rebuild' ]
245 silly lifecycle oracledb@1.13.1~install: Returned: code: 1  signal: null
246 info lifecycle oracledb@1.13.1~install: Failed to exec install script
247 verbose unlock done using C:\Users\aznho\AppData\Roaming\npm-cache\_locks\staging-226eca69ada0e8b3.lock for C:\Users\aznho\OneDrive\Documents\Fall 2017\CMSC424-Project\cmsc424-project\node_modules\.staging
248 silly rollbackFailedOptional Starting
249 silly rollbackFailedOptional Finishing
250 silly runTopLevelLifecycles Finishing
251 silly install printInstalled
252 warn optional SKIPPING OPTIONAL DEPENDENCY: fsevents@^1.0.0 (node_modules\chokidar\node_modules\fsevents):
253 warn notsup SKIPPING OPTIONAL DEPENDENCY: Unsupported platform for fsevents@1.1.3: wanted {"os":"darwin","arch":"any"} (current: {"os":"win32","arch":"x64"})
254 verbose notsup SKIPPING OPTIONAL DEPENDENCY: Valid OS:    darwin
254 verbose notsup SKIPPING OPTIONAL DEPENDENCY: Valid Arch:  any
254 verbose notsup SKIPPING OPTIONAL DEPENDENCY: Actual OS:   win32
254 verbose notsup SKIPPING OPTIONAL DEPENDENCY: Actual Arch: x64
255 warn enoent ENOENT: no such file or directory, open 'C:\Users\aznho\OneDrive\Documents\Fall 2017\CMSC424-Project\cmsc424-project\package.json'
256 verbose enoent ENOENT: no such file or directory, open 'C:\Users\aznho\OneDrive\Documents\Fall 2017\CMSC424-Project\cmsc424-project\package.json'
256 verbose enoent This is most likely not a problem with npm itself
256 verbose enoent and is related to npm not being able to find a file.
257 warn cmsc424-project No description
258 verbose If you need help, you may report this error at:
258 verbose     <https://github.com/npm/npm/issues>
259 warn cmsc424-project No repository field.
260 verbose If you need help, you may report this error at:
260 verbose     <https://github.com/npm/npm/issues>
261 warn cmsc424-project No README data
262 verbose If you need help, you may report this error at:
262 verbose     <https://github.com/npm/npm/issues>
263 warn cmsc424-project No license field.
264 verbose If you need help, you may report this error at:
264 verbose     <https://github.com/npm/npm/issues>
265 verbose stack Error: oracledb@1.13.1 install: `node-gyp rebuild`
265 verbose stack Exit status 1
265 verbose stack     at EventEmitter.<anonymous> (C:\Program Files\nodejs\node_modules\npm\lib\utils\lifecycle.js:255:16)
265 verbose stack     at emitTwo (events.js:106:13)
265 verbose stack     at EventEmitter.emit (events.js:191:7)
265 verbose stack     at ChildProcess.<anonymous> (C:\Program Files\nodejs\node_modules\npm\lib\utils\spawn.js:40:14)
265 verbose stack     at emitTwo (events.js:106:13)
265 verbose stack     at ChildProcess.emit (events.js:191:7)
265 verbose stack     at maybeClose (internal/child_process.js:886:16)
265 verbose stack     at Process.ChildProcess._handle.onexit (internal/child_process.js:226:5)
266 verbose pkgid oracledb@1.13.1
267 verbose cwd C:\Users\aznho\OneDrive\Documents\Fall 2017\CMSC424-Project\cmsc424-project
268 error Windows_NT 10.0.15063
269 error argv "C:\\Program Files\\nodejs\\node.exe" "C:\\Program Files\\nodejs\\node_modules\\npm\\bin\\npm-cli.js" "install" "oracledb"
270 error node v6.10.2
271 error npm  v3.10.10
272 error code ELIFECYCLE
273 error oracledb@1.13.1 install: `node-gyp rebuild`
273 error Exit status 1
274 error Failed at the oracledb@1.13.1 install script 'node-gyp rebuild'.
274 error Make sure you have the latest version of node.js and npm installed.
274 error If you do, this is most likely a problem with the oracledb package,
274 error not with npm itself.
274 error Tell the author that this fails on your system:
274 error     node-gyp rebuild
274 error You can get information on how to open an issue for this project with:
274 error     npm bugs oracledb
274 error Or if that isn't available, you can get their info via:
274 error     npm owner ls oracledb
274 error There is likely additional logging output above.
275 verbose exit [ 1, true ]
